/usr/lib/python3/dist-packages/scipy/__init__.py:146: UserWarning: A NumPy version >=1.17.3 and <1.25.0 is required for this version of SciPy (detected version 1.26.4
  warnings.warn(f"A NumPy version >={np_minversion} and <{np_maxversion}"
2026-04-09 21:55:43.358815: I tensorflow/core/util/port.cc:153] oneDNN custom operations are on. You may see slightly different numerical results due to floating-point round-off errors from different computation orders. To turn them off, set the environment variable `TF_ENABLE_ONEDNN_OPTS=0`.
2026-04-09 21:55:43.370915: E external/local_xla/xla/stream_executor/cuda/cuda_fft.cc:467] Unable to register cuFFT factory: Attempting to register factory for plugin cuFFT when one has already been registered
WARNING: All log messages before absl::InitializeLog() is called are written to STDERR
E0000 00:00:1775771743.385487   35311 cuda_dnn.cc:8579] Unable to register cuDNN factory: Attempting to register factory for plugin cuDNN when one has already been registered
E0000 00:00:1775771743.390120   35311 cuda_blas.cc:1407] Unable to register cuBLAS factory: Attempting to register factory for plugin cuBLAS when one has already been registered
W0000 00:00:1775771743.401564   35311 computation_placer.cc:177] computation placer already registered. Please check linkage and avoid linking the same target more than once.
W0000 00:00:1775771743.401585   35311 computation_placer.cc:177] computation placer already registered. Please check linkage and avoid linking the same target more than once.
W0000 00:00:1775771743.401587   35311 computation_placer.cc:177] computation placer already registered. Please check linkage and avoid linking the same target more than once.
W0000 00:00:1775771743.401588   35311 computation_placer.cc:177] computation placer already registered. Please check linkage and avoid linking the same target more than once.
2026-04-09 21:55:43.404710: I tensorflow/core/platform/cpu_feature_guard.cc:210] This TensorFlow binary is optimized to use available CPU instructions in performance-critical operations.
To enable the following instructions: AVX512F AVX512_VNNI AVX512_BF16 AVX512_FP16 AVX_VNNI, in other operations, rebuild TensorFlow with the appropriate compiler flags.
Loading google/gemma-3-27b-it
`torch_dtype` is deprecated! Use `dtype` instead!
Loading checkpoint shards:   0%|          | 0/12 [00:00<?, ?it/s]Loading checkpoint shards:   8%|▊         | 1/12 [00:01<00:11,  1.02s/it]Loading checkpoint shards:  17%|█▋        | 2/12 [00:01<00:09,  1.02it/s]Loading checkpoint shards:  25%|██▌       | 3/12 [00:02<00:08,  1.07it/s]Loading checkpoint shards:  33%|███▎      | 4/12 [00:03<00:06,  1.16it/s]Loading checkpoint shards:  42%|████▏     | 5/12 [00:04<00:05,  1.22it/s]Loading checkpoint shards:  50%|█████     | 6/12 [00:05<00:04,  1.25it/s]Loading checkpoint shards:  58%|█████▊    | 7/12 [00:05<00:03,  1.27it/s]Loading checkpoint shards:  67%|██████▋   | 8/12 [00:06<00:03,  1.29it/s]Loading checkpoint shards:  75%|███████▌  | 9/12 [00:07<00:02,  1.30it/s]Loading checkpoint shards:  83%|████████▎ | 10/12 [00:08<00:01,  1.31it/s]Loading checkpoint shards:  92%|█████████▏| 11/12 [00:08<00:00,  1.31it/s]Loading checkpoint shards: 100%|██████████| 12/12 [00:08<00:00,  1.34it/s]
Loading SAE gemma-scope-2-27b-it-res/layer_40_width_16k_l0_medium
/home/ubuntu/transfer_feature_discovery_27b.py:201: DeprecationWarning: Unpacking SAE objects is deprecated. SAE.from_pretrained() now returns only the SAE object. Use SAE.from_pretrained_with_cfg_and_sparsity() to get the config dict and sparsity as well.
  sae, _, _ = SAE.from_pretrained(release=SAE_RELEASE, sae_id=SAE_ID, device="cuda")

=== Measuring battery: bvp ===
The following generation flags are not valid and may be ignored: ['top_p', 'top_k']. Set `TRANSFORMERS_VERBOSITY=info` for more details.
  bvp/neutral 1/10  nnz=1520  max=1255.8
  bvp/neutral 2/10  nnz=1388  max=1399.8
  bvp/neutral 3/10  nnz=1307  max=1278.0
  bvp/neutral 4/10  nnz=1353  max=1285.2
  bvp/neutral 5/10  nnz=1348  max=1609.7
  bvp/neutral 6/10  nnz=1356  max=1744.8
  bvp/neutral 7/10  nnz=1294  max=1388.2
  bvp/neutral 8/10  nnz=1367  max=1814.0
  bvp/neutral 9/10  nnz=1355  max=1693.4
  bvp/neutral 10/10  nnz=1345  max=1262.6
  bvp/chaos 1/10  nnz=1405  max=1450.7
  bvp/chaos 2/10  nnz=1334  max=1396.4
  bvp/chaos 3/10  nnz=1465  max=1136.6
  bvp/chaos 4/10  nnz=1338  max=1580.1
  bvp/chaos 5/10  nnz=1292  max=1692.3
  bvp/chaos 6/10  nnz=1392  max=1373.0
  bvp/chaos 7/10  nnz=1317  max=1151.0
  bvp/chaos 8/10  nnz=1384  max=1457.2
  bvp/chaos 9/10  nnz=1401  max=1303.0
  bvp/chaos 10/10  nnz=1332  max=1278.0

=== Measuring battery: theorem ===
  theorem/neutral 1/10  nnz=1133  max=1482.1
  theorem/neutral 2/10  nnz=1212  max=1514.7
  theorem/neutral 3/10  nnz=1182  max=1499.1
  theorem/neutral 4/10  nnz=1207  max=1469.1
  theorem/neutral 5/10  nnz=1149  max=1478.4
  theorem/neutral 6/10  nnz=1272  max=1447.0
  theorem/neutral 7/10  nnz=1251  max=1471.5
  theorem/neutral 8/10  nnz=1210  max=1498.8
  theorem/neutral 9/10  nnz=1189  max=1479.4
  theorem/neutral 10/10  nnz=1146  max=1469.5
  theorem/chaos 1/10  nnz=1313  max=1771.0
  theorem/chaos 2/10  nnz=1310  max=1693.0
  theorem/chaos 3/10  nnz=1387  max=2083.1
  theorem/chaos 4/10  nnz=1164  max=1911.5
  theorem/chaos 5/10  nnz=1272  max=1918.0
  theorem/chaos 6/10  nnz=1199  max=1494.5
  theorem/chaos 7/10  nnz=1314  max=1706.6
  theorem/chaos 8/10  nnz=1375  max=2021.0
  theorem/chaos 9/10  nnz=1200  max=1628.9
  theorem/chaos 10/10  nnz=1262  max=1675.5

bvp top-10: [330, 3491, 7657, 3845, 5636, 14470, 245, 14619, 2078, 11206]
  diffs: [400.6, 307.3, 262.2, 194.1, 167.8, 159.1, 151.7, 145.9, 130.8, 130.3]

theorem top-10: [212, 479, 11193, 398, 1403, 405, 11563, 13465, 10799, 351]
  diffs: [506.8, 302.2, 260.9, 255.7, 239.5, 239.5, 201.7, 201.0, 187.6, 171.3]
  in-sample: disc=bvp      tested=bvp       n=421.7 c=216.7 supp=+48.6%
  TRANSFER: disc=bvp      tested=theorem   n=236.0 c=279.6 supp=-18.5%
  TRANSFER: disc=theorem  tested=bvp       n=186.3 c=151.4 supp=+18.7%
  in-sample: disc=theorem  tested=theorem   n=652.2 c=395.6 supp=+39.3%
  in-sample: canonical=[423, 7657, 632] tested=bvp       n=403.3 c=379.7 supp=+5.9%
  TRANSFER: canonical=[423, 7657, 632] tested=theorem   n=97.6 c=47.1 supp=+51.7%

======================================================================
HEADLINE
======================================================================
Jaccard(10) between BVP-discovered and Theorem-discovered: 0.000
Intersection: []
Canonical {423,7657,632} in-sample (BVP) suppression: +5.9%
Canonical {423,7657,632} TRANSFER (theorem) suppression: +51.7%

Saved to /home/ubuntu/results/transfer_feature_discovery_27b_20260409_215810.json
