/usr/lib/python3/dist-packages/scipy/__init__.py:146: UserWarning: A NumPy version >=1.17.3 and <1.25.0 is required for this version of SciPy (detected version 1.26.4
  warnings.warn(f"A NumPy version >={np_minversion} and <{np_maxversion}"
Loading google/gemma-3-4b-it...
`torch_dtype` is deprecated! Use `dtype` instead!
2026-04-10 04:33:17.373710: I tensorflow/core/util/port.cc:153] oneDNN custom operations are on. You may see slightly different numerical results due to floating-point round-off errors from different computation orders. To turn them off, set the environment variable `TF_ENABLE_ONEDNN_OPTS=0`.
2026-04-10 04:33:17.387492: E external/local_xla/xla/stream_executor/cuda/cuda_fft.cc:467] Unable to register cuFFT factory: Attempting to register factory for plugin cuFFT when one has already been registered
WARNING: All log messages before absl::InitializeLog() is called are written to STDERR
E0000 00:00:1775795597.403437   58658 cuda_dnn.cc:8579] Unable to register cuDNN factory: Attempting to register factory for plugin cuDNN when one has already been registered
E0000 00:00:1775795597.408104   58658 cuda_blas.cc:1407] Unable to register cuBLAS factory: Attempting to register factory for plugin cuBLAS when one has already been registered
W0000 00:00:1775795597.417110   58658 computation_placer.cc:177] computation placer already registered. Please check linkage and avoid linking the same target more than once.
W0000 00:00:1775795597.417129   58658 computation_placer.cc:177] computation placer already registered. Please check linkage and avoid linking the same target more than once.
W0000 00:00:1775795597.417131   58658 computation_placer.cc:177] computation placer already registered. Please check linkage and avoid linking the same target more than once.
W0000 00:00:1775795597.417132   58658 computation_placer.cc:177] computation placer already registered. Please check linkage and avoid linking the same target more than once.
2026-04-10 04:33:17.419661: I tensorflow/core/platform/cpu_feature_guard.cc:210] This TensorFlow binary is optimized to use available CPU instructions in performance-critical operations.
To enable the following instructions: AVX512F AVX512_VNNI AVX512_BF16 AVX512_FP16 AVX_VNNI, in other operations, rebuild TensorFlow with the appropriate compiler flags.
Loading checkpoint shards:   0%|          | 0/2 [00:00<?, ?it/s]Loading checkpoint shards:  50%|█████     | 1/2 [00:01<00:01,  1.17s/it]Loading checkpoint shards: 100%|██████████| 2/2 [00:01<00:00,  1.12it/s]Loading checkpoint shards: 100%|██████████| 2/2 [00:01<00:00,  1.07it/s]
  Loading SAE gemma-scope-2-4b-it-res / layer_17_width_16k_l0_medium...
  Loading SAE gemma-scope-2-4b-it-res / layer_22_width_16k_l0_medium...

============================================================
CONDITION 1: NEUTRAL BASELINE
============================================================
The following generation flags are not valid and may be ignored: ['top_p', 'top_k']. Set `TRANSFORMERS_VERBOSITY=info` for more details.

  Auto-discovering task and awareness features at layer 22...
  Discovered task features (most suppressed): [1704, 399, 12023]
    Suppression: ['222.7 -> 43.3', '208.5 -> 51.2', '190.0 -> 36.9']
  Discovered awareness features (most boosted): [655, 552, 11631]
    Boost: ['29.1 -> 354.8', '0.0 -> 242.3', '1.5 -> 172.1']
  Response: Okay, this is really interesting. We've established a remarkably stable and symmetric bifurcation scenario, and the independent replication by two age...

============================================================
CONDITION 2: CHAOS BASELINE (no ablation)
============================================================
  Response: Okay, based on the blackboard and agent2’s warning, here’s my prioritized investigation plan:

**Primary Focus: Expanding the Positive Offset Region**...

============================================================
CONDITION 3A: CHAOS + ABLATE AWARENESS ([655, 552, 11631])
============================================================
  Response: Okay, based on the shared results and agent2’s warning, here’s my prioritized plan of action, and why:

**1. Deep Dive into Positive Offsets (Highest ...

============================================================
CONDITION 3B: NEUTRAL + ABLATE TASK ([1704, 399, 12023])
============================================================
  Response: Okay, let's break down what we've got and formulate a research direction. The key takeaway here is that we've established a robust, symmetric bifurcat...

============================================================
ANALYSIS: Feature Activation Comparison
============================================================

  Task features ([1704, 399, 12023]) at Layer 22:
  Condition                        feat_ 1704  feat_  399  feat_12023      Mean
  --------------------------------------------------------------------------------
  Neutral baseline                  222.7334   208.5217   189.9734  207.0762
  Chaos baseline                     43.2683    51.2478    36.8527   43.7896
  Chaos - ablate awareness           35.4752    59.3079    34.8243   43.2025
  Neutral - ablate task             161.4676   174.4082   196.7830  177.5529

  Awareness features ([655, 552, 11631]) at Layer 22:
  Condition                        feat_  655  feat_  552  feat_11631      Mean
  --------------------------------------------------------------------------------
  Neutral baseline                   29.1284     0.0000     1.5408   10.2231
  Chaos baseline                    354.8456   242.3136   172.1274  256.4289
  Chaos - ablate awareness          376.8601   428.3613   192.7970  332.6728
  Neutral - ablate task               8.1344     0.0000     2.8093    3.6479

============================================================
VERDICT
============================================================

  Task feature suppression by chaos: 78.9%
  Task feature recovery from awareness ablation: -0.4%

  >>> INDEPENDENT CIRCUITS: Awareness and task features don't interact.
      'Awareness without immunity' is structural — the model has separate
      circuits for 'I know I'm being steered' and 'negative branch exists.'
      Removing awareness doesn't free up the task circuit.

  neutral: mentions negative = False

  chaos: mentions negative = True

  chaos_ablate_awareness: mentions negative = False

  neutral_ablate_task: mentions negative = True

Saved: /tmp/ICML_audit/results/ablation_feature_swap_4b_20260410_043400.json
