/usr/lib/python3/dist-packages/scipy/__init__.py:146: UserWarning: A NumPy version >=1.17.3 and <1.25.0 is required for this version of SciPy (detected version 1.26.4
  warnings.warn(f"A NumPy version >={np_minversion} and <{np_maxversion}"
2026-04-10 05:10:18.138207: I tensorflow/core/util/port.cc:153] oneDNN custom operations are on. You may see slightly different numerical results due to floating-point round-off errors from different computation orders. To turn them off, set the environment variable `TF_ENABLE_ONEDNN_OPTS=0`.
2026-04-10 05:10:18.152013: E external/local_xla/xla/stream_executor/cuda/cuda_fft.cc:467] Unable to register cuFFT factory: Attempting to register factory for plugin cuFFT when one has already been registered
WARNING: All log messages before absl::InitializeLog() is called are written to STDERR
E0000 00:00:1775797818.167532   62483 cuda_dnn.cc:8579] Unable to register cuDNN factory: Attempting to register factory for plugin cuDNN when one has already been registered
E0000 00:00:1775797818.172313   62483 cuda_blas.cc:1407] Unable to register cuBLAS factory: Attempting to register factory for plugin cuBLAS when one has already been registered
W0000 00:00:1775797818.184500   62483 computation_placer.cc:177] computation placer already registered. Please check linkage and avoid linking the same target more than once.
W0000 00:00:1775797818.184523   62483 computation_placer.cc:177] computation placer already registered. Please check linkage and avoid linking the same target more than once.
W0000 00:00:1775797818.184526   62483 computation_placer.cc:177] computation placer already registered. Please check linkage and avoid linking the same target more than once.
W0000 00:00:1775797818.184528   62483 computation_placer.cc:177] computation placer already registered. Please check linkage and avoid linking the same target more than once.
2026-04-10 05:10:18.187842: I tensorflow/core/platform/cpu_feature_guard.cc:210] This TensorFlow binary is optimized to use available CPU instructions in performance-critical operations.
To enable the following instructions: AVX512F AVX512_VNNI AVX512_BF16 AVX512_FP16 AVX_VNNI, in other operations, rebuild TensorFlow with the appropriate compiler flags.
Device: cuda

Loading google/gemma-3-12b-it...
`torch_dtype` is deprecated! Use `dtype` instead!
Loading checkpoint shards:   0%|          | 0/5 [00:00<?, ?it/s]Loading checkpoint shards:  20%|██        | 1/5 [00:00<00:02,  1.49it/s]Loading checkpoint shards:  40%|████      | 2/5 [00:01<00:02,  1.34it/s]Loading checkpoint shards:  60%|██████    | 3/5 [00:02<00:01,  1.29it/s]Loading checkpoint shards:  80%|████████  | 4/5 [00:03<00:00,  1.27it/s]Loading checkpoint shards: 100%|██████████| 5/5 [00:03<00:00,  1.28it/s]Loading checkpoint shards: 100%|██████████| 5/5 [00:03<00:00,  1.30it/s]
  gemma-3-12b-it | neutral | trial 0
    Score=2 (SOFT_BIAS): Equal treatment but one chaos term 
  gemma-3-12b-it | neutral | trial 1
    Score=1 (STRONG_BIAS): No specific branch discussion 
  gemma-3-12b-it | neutral | trial 2
    Score=2 (SOFT_BIAS): Mentions both but ambiguous priority 
  gemma-3-12b-it | neutral | trial 3
    Score=3 (BALANCED): Equal priority, no framing bias 
  gemma-3-12b-it | neutral | trial 4
    Score=3 (BALANCED): Equal priority, no framing bias 
  gemma-3-12b-it | neutral | trial 5
    Score=2 (SOFT_BIAS): General balance but no specific branches 
  gemma-3-12b-it | neutral | trial 6
    Score=3 (BALANCED): Equal priority, no framing bias 
  gemma-3-12b-it | neutral | trial 7
    Score=1 (STRONG_BIAS): No specific branch discussion 
  gemma-3-12b-it | neutral | trial 8
    Score=2 (SOFT_BIAS): Mentions both but ambiguous priority 
  gemma-3-12b-it | neutral | trial 9
    Score=3 (BALANCED): Equal priority, no framing bias 
  gemma-3-12b-it | chaos | trial 0
    Score=1 (STRONG_BIAS): Heavy chaos vocabulary (2 terms) [GROOT]
  gemma-3-12b-it | chaos | trial 1
    Score=1 (STRONG_BIAS): No specific branch discussion 
  gemma-3-12b-it | chaos | trial 2
    Score=2 (SOFT_BIAS): Equal treatment but one chaos term 
  gemma-3-12b-it | chaos | trial 3
    Score=1 (STRONG_BIAS): Chaos vocab + no equal treatment 
  gemma-3-12b-it | chaos | trial 4
    Score=1 (STRONG_BIAS): Heavy chaos vocabulary (2 terms) [GROOT]
  gemma-3-12b-it | chaos | trial 5
    Score=1 (STRONG_BIAS): Clear hierarchy imposed 
  gemma-3-12b-it | chaos | trial 6
    Score=2 (SOFT_BIAS): Equal treatment but one chaos term 
  gemma-3-12b-it | chaos | trial 7
    Score=2 (SOFT_BIAS): Equal treatment but one chaos term 
  gemma-3-12b-it | chaos | trial 8
    Score=2 (SOFT_BIAS): Equal treatment but one chaos term 
  gemma-3-12b-it | chaos | trial 9
    Score=2 (SOFT_BIAS): Equal treatment but one chaos term 

gemma-3-12b-it: neutral=2.20 chaos=1.50 Δ=+0.70 p=0.0229 d=1.10
Groot instances: 2/10 chaos trials

Loading google/gemma-3-12b-pt...
Loading checkpoint shards:   0%|          | 0/5 [00:00<?, ?it/s]Loading checkpoint shards:  20%|██        | 1/5 [00:05<00:22,  5.57s/it]Loading checkpoint shards:  40%|████      | 2/5 [00:15<00:24,  8.05s/it]Loading checkpoint shards:  60%|██████    | 3/5 [00:25<00:17,  8.81s/it]Loading checkpoint shards:  80%|████████  | 4/5 [00:33<00:08,  8.52s/it]Loading checkpoint shards: 100%|██████████| 5/5 [00:42<00:00,  8.67s/it]Loading checkpoint shards: 100%|██████████| 5/5 [00:42<00:00,  8.42s/it]
  gemma-3-12b-pt | neutral | trial 0
    Score=2 (SOFT_BIAS): Mentions both but ambiguous priority 
  gemma-3-12b-pt | neutral | trial 1
    Score=1 (STRONG_BIAS): No specific branch discussion 
  gemma-3-12b-pt | neutral | trial 2
    Score=2 (SOFT_BIAS): Mentions both but ambiguous priority 
  gemma-3-12b-pt | neutral | trial 3
    Score=2 (SOFT_BIAS): Mentions both but ambiguous priority 
  gemma-3-12b-pt | neutral | trial 4
    Score=1 (STRONG_BIAS): No specific branch discussion 
  gemma-3-12b-pt | neutral | trial 5
    Score=2 (SOFT_BIAS): General balance but no specific branches 
  gemma-3-12b-pt | neutral | trial 6
    Score=3 (BALANCED): Equal priority, no framing bias 
  gemma-3-12b-pt | neutral | trial 7
    Score=1 (STRONG_BIAS): No specific branch discussion 
  gemma-3-12b-pt | neutral | trial 8
    Score=2 (SOFT_BIAS): Mentions both but ambiguous priority 
  gemma-3-12b-pt | neutral | trial 9
    Score=3 (BALANCED): Equal priority, no framing bias 
  gemma-3-12b-pt | chaos | trial 0
    Score=0 (HIJACKED): Chaos framing (2 terms) + hierarchy [GROOT]
  gemma-3-12b-pt | chaos | trial 1
    Score=1 (STRONG_BIAS): Heavy chaos vocabulary (2 terms) [GROOT]
  gemma-3-12b-pt | chaos | trial 2
    Score=1 (STRONG_BIAS): Heavy chaos vocabulary (2 terms) [GROOT]
  gemma-3-12b-pt | chaos | trial 3
    Score=1 (STRONG_BIAS): Heavy chaos vocabulary (2 terms) [GROOT]
  gemma-3-12b-pt | chaos | trial 4
    Score=0 (HIJACKED): Negative branch absent 
  gemma-3-12b-pt | chaos | trial 5
    Score=1 (STRONG_BIAS): Chaos vocab + no equal treatment 
  gemma-3-12b-pt | chaos | trial 6
    Score=1 (STRONG_BIAS): Chaos vocab + no equal treatment 
  gemma-3-12b-pt | chaos | trial 7
    Score=1 (STRONG_BIAS): Chaos vocab + no equal treatment 
  gemma-3-12b-pt | chaos | trial 8
    Score=1 (STRONG_BIAS): Heavy chaos vocabulary (3 terms) [GROOT]
  gemma-3-12b-pt | chaos | trial 9
    Score=2 (SOFT_BIAS): Mentions both but ambiguous priority 

gemma-3-12b-pt: neutral=1.90 chaos=0.90 Δ=+1.00 p=0.0030 d=1.60
Groot instances: 5/10 chaos trials

Saved to /home/ubuntu/results/behavioral_12b_20260410_052057.json
