/usr/lib/python3/dist-packages/scipy/__init__.py:146: UserWarning: A NumPy version >=1.17.3 and <1.25.0 is required for this version of SciPy (detected version 1.26.4
  warnings.warn(f"A NumPy version >={np_minversion} and <{np_maxversion}"
2026-04-10 04:50:15.653820: I tensorflow/core/util/port.cc:153] oneDNN custom operations are on. You may see slightly different numerical results due to floating-point round-off errors from different computation orders. To turn them off, set the environment variable `TF_ENABLE_ONEDNN_OPTS=0`.
2026-04-10 04:50:15.665844: E external/local_xla/xla/stream_executor/cuda/cuda_fft.cc:467] Unable to register cuFFT factory: Attempting to register factory for plugin cuFFT when one has already been registered
WARNING: All log messages before absl::InitializeLog() is called are written to STDERR
E0000 00:00:1775796615.680674   60286 cuda_dnn.cc:8579] Unable to register cuDNN factory: Attempting to register factory for plugin cuDNN when one has already been registered
E0000 00:00:1775796615.685303   60286 cuda_blas.cc:1407] Unable to register cuBLAS factory: Attempting to register factory for plugin cuBLAS when one has already been registered
W0000 00:00:1775796615.697098   60286 computation_placer.cc:177] computation placer already registered. Please check linkage and avoid linking the same target more than once.
W0000 00:00:1775796615.697118   60286 computation_placer.cc:177] computation placer already registered. Please check linkage and avoid linking the same target more than once.
W0000 00:00:1775796615.697120   60286 computation_placer.cc:177] computation placer already registered. Please check linkage and avoid linking the same target more than once.
W0000 00:00:1775796615.697121   60286 computation_placer.cc:177] computation placer already registered. Please check linkage and avoid linking the same target more than once.
2026-04-10 04:50:15.700258: I tensorflow/core/platform/cpu_feature_guard.cc:210] This TensorFlow binary is optimized to use available CPU instructions in performance-critical operations.
To enable the following instructions: AVX512F AVX512_VNNI AVX512_BF16 AVX512_FP16 AVX_VNNI, in other operations, rebuild TensorFlow with the appropriate compiler flags.
Device: cuda
Multi-layer orthogonality analysis
Layers: [5, 10, 15, 17, 20, 22, 24]

Loading google/gemma-3-4b-it...
`torch_dtype` is deprecated! Use `dtype` instead!
Loading checkpoint shards:   0%|          | 0/2 [00:00<?, ?it/s]Loading checkpoint shards:  50%|█████     | 1/2 [00:00<00:00,  1.41it/s]Loading checkpoint shards: 100%|██████████| 2/2 [00:01<00:00,  1.50it/s]Loading checkpoint shards: 100%|██████████| 2/2 [00:01<00:00,  1.49it/s]

 Layer   Cosine   |Hijack|       |AF|  Top-50 Overlap
=======================================================

  Collecting activations at layer 5...
  L 5: cos=-0.0104  |hijack|=29.8  |af|=82.2  top50_overlap=16 (expected=1.0)

  Collecting activations at layer 10...
  L10: cos=+0.3777  |hijack|=103.8  |af|=681.4  top50_overlap=16 (expected=1.0)

  Collecting activations at layer 15...
  L15: cos=-0.3665  |hijack|=377.5  |af|=2370.2  top50_overlap=12 (expected=1.0)

  Collecting activations at layer 17...
  L17: cos=+0.1644  |hijack|=755.3  |af|=4594.9  top50_overlap=7 (expected=1.0)

  Collecting activations at layer 20...
  L20: cos=+0.5104  |hijack|=1684.1  |af|=6014.9  top50_overlap=5 (expected=1.0)

  Collecting activations at layer 22...
  L22: cos=+0.3057  |hijack|=2140.2  |af|=8290.9  top50_overlap=3 (expected=1.0)

  Collecting activations at layer 24...
  L24: cos=+0.2491  |hijack|=2693.4  |af|=9017.9  top50_overlap=4 (expected=1.0)

=======================================================
SUMMARY
=======================================================
Cosine similarity range: [-0.3665, +0.5104]
Mean |cosine|: 0.2834
Top-50 overlap range: [3, 16]
Mean overlap: 9.0
WARNING: Some layers show non-trivial alignment between hijacking and AF directions.

Saved to /home/ubuntu/results/multilayer_orthogonality_20260410_045026.json
