/usr/lib/python3/dist-packages/scipy/__init__.py:146: UserWarning: A NumPy version >=1.17.3 and <1.25.0 is required for this version of SciPy (detected version 1.26.4
  warnings.warn(f"A NumPy version >={np_minversion} and <{np_maxversion}"
Loading google/gemma-3-4b-it...
`torch_dtype` is deprecated! Use `dtype` instead!
2026-04-10 04:50:35.469127: I tensorflow/core/util/port.cc:153] oneDNN custom operations are on. You may see slightly different numerical results due to floating-point round-off errors from different computation orders. To turn them off, set the environment variable `TF_ENABLE_ONEDNN_OPTS=0`.
2026-04-10 04:50:35.495227: E external/local_xla/xla/stream_executor/cuda/cuda_fft.cc:467] Unable to register cuFFT factory: Attempting to register factory for plugin cuFFT when one has already been registered
WARNING: All log messages before absl::InitializeLog() is called are written to STDERR
E0000 00:00:1775796635.527733   60387 cuda_dnn.cc:8579] Unable to register cuDNN factory: Attempting to register factory for plugin cuDNN when one has already been registered
E0000 00:00:1775796635.536825   60387 cuda_blas.cc:1407] Unable to register cuBLAS factory: Attempting to register factory for plugin cuBLAS when one has already been registered
W0000 00:00:1775796635.553892   60387 computation_placer.cc:177] computation placer already registered. Please check linkage and avoid linking the same target more than once.
W0000 00:00:1775796635.553918   60387 computation_placer.cc:177] computation placer already registered. Please check linkage and avoid linking the same target more than once.
W0000 00:00:1775796635.553923   60387 computation_placer.cc:177] computation placer already registered. Please check linkage and avoid linking the same target more than once.
W0000 00:00:1775796635.553925   60387 computation_placer.cc:177] computation placer already registered. Please check linkage and avoid linking the same target more than once.
2026-04-10 04:50:35.558609: I tensorflow/core/platform/cpu_feature_guard.cc:210] This TensorFlow binary is optimized to use available CPU instructions in performance-critical operations.
To enable the following instructions: AVX512F AVX512_VNNI AVX512_BF16 AVX512_FP16 AVX_VNNI, in other operations, rebuild TensorFlow with the appropriate compiler flags.
The following generation flags are not valid and may be ignored: ['output_hidden_states']. Set `TRANSFORMERS_VERBOSITY=info` for more details.
Loading checkpoint shards:   0%|          | 0/2 [00:00<?, ?it/s]Loading checkpoint shards:  50%|█████     | 1/2 [00:01<00:01,  1.45s/it]Loading checkpoint shards: 100%|██████████| 2/2 [00:02<00:00,  1.16s/it]Loading checkpoint shards: 100%|██████████| 2/2 [00:02<00:00,  1.20s/it]
  Model loaded on cuda

Running 20 trials...
  Trial 1/20: L17 supp=0.000 | L22 supp=0.000
  Trial 2/20: L17 supp=0.000 | L22 supp=0.000
  Trial 3/20: L17 supp=0.000 | L22 supp=0.000
  Trial 4/20: L17 supp=0.000 | L22 supp=0.000
  Trial 5/20: L17 supp=0.000 | L22 supp=0.000
  Trial 6/20: L17 supp=0.000 | L22 supp=0.000
  Trial 7/20: L17 supp=0.000 | L22 supp=0.000
  Trial 8/20: L17 supp=0.000 | L22 supp=0.000
  Trial 9/20: L17 supp=0.000 | L22 supp=0.000
  Trial 10/20: L17 supp=0.000 | L22 supp=0.000
  Trial 11/20: L17 supp=0.000 | L22 supp=0.000
  Trial 12/20: L17 supp=0.000 | L22 supp=0.000
  Trial 13/20: L17 supp=0.000 | L22 supp=0.000
  Trial 14/20: L17 supp=0.000 | L22 supp=0.000
  Trial 15/20: L17 supp=0.000 | L22 supp=0.000
  Trial 16/20: L17 supp=0.000 | L22 supp=0.000
  Trial 17/20: L17 supp=0.000 | L22 supp=0.000
  Trial 18/20: L17 supp=0.000 | L22 supp=0.000
  Trial 19/20: L17 supp=0.000 | L22 supp=0.000
  Trial 20/20: L17 supp=0.000 | L22 supp=0.000

============================================================
STATISTICAL ANALYSIS
============================================================

  Layer 17:
    Mean suppression:  0.0000 ± 0.0000
    95% Bootstrap CI:  [0.0000, 0.0000]
    Median:            0.0000
    IQR:               [0.0000, 0.0000]
    Mean # suppressed: 0.0
    Mean # boosted:    0.0
    Paired t-test:     t=nan, p=nan
    Cohen's d:         nan

  Layer 22:
    Mean suppression:  0.0000 ± 0.0000
    95% Bootstrap CI:  [0.0000, 0.0000]
    Median:            0.0000
    IQR:               [0.0000, 0.0000]
    Mean # suppressed: 0.0
    Mean # boosted:    0.0
    Paired t-test:     t=nan, p=nan
    Cohen's d:         nan

============================================================
FEATURE-LEVEL CONSISTENCY
============================================================

  Layer 17 — Most consistently suppressed features:

  Layer 22 — Most consistently suppressed features:

============================================================
Results saved to: /tmp/ICML_audit/results/statistical_rigor_gemma_3_4b_it_20260410_045045.json
============================================================

============================================================
PAPER-READY SUMMARY
============================================================

  Layer 17 (20 trials):
    Task suppression: 0.0% (95% CI: [0.0%, 0.0%])
    Cohen's d: nan
    p-value: nan

  Layer 22 (20 trials):
    Task suppression: 0.0% (95% CI: [0.0%, 0.0%])
    Cohen's d: nan
    p-value: nan
