Theorem proving n=30 for 27B IT-only

Loading google/gemma-3-27b-it...
Traceback (most recent call last):
  File "/home/ubuntu/.local/lib/python3.10/site-packages/huggingface_hub/utils/_http.py", line 761, in hf_raise_for_status
    response.raise_for_status()
  File "/home/ubuntu/.local/lib/python3.10/site-packages/httpx/_models.py", line 829, in raise_for_status
    raise HTTPStatusError(message, request=request, response=self)
httpx.HTTPStatusError: Client error '401 Unauthorized' for url 'https://huggingface.co/google/gemma-3-27b-it/resolve/main/chat_template.jinja'
For more information check: https://developer.mozilla.org/en-US/docs/Web/HTTP/Status/401

The above exception was the direct cause of the following exception:

Traceback (most recent call last):
  File "/home/ubuntu/.local/lib/python3.10/site-packages/transformers/utils/hub.py", line 422, in cached_files
    hf_hub_download(
  File "/home/ubuntu/.local/lib/python3.10/site-packages/huggingface_hub/utils/_validators.py", line 88, in _inner_fn
    return fn(*args, **kwargs)
  File "/home/ubuntu/.local/lib/python3.10/site-packages/huggingface_hub/file_download.py", line 995, in hf_hub_download
    return _hf_hub_download_to_cache_dir(
  File "/home/ubuntu/.local/lib/python3.10/site-packages/huggingface_hub/file_download.py", line 1146, in _hf_hub_download_to_cache_dir
    _raise_on_head_call_error(head_call_error, force_download, local_files_only)
  File "/home/ubuntu/.local/lib/python3.10/site-packages/huggingface_hub/file_download.py", line 1778, in _raise_on_head_call_error
    raise head_call_error
  File "/home/ubuntu/.local/lib/python3.10/site-packages/huggingface_hub/file_download.py", line 1665, in _get_metadata_or_catch_error
    metadata = get_hf_file_metadata(
  File "/home/ubuntu/.local/lib/python3.10/site-packages/huggingface_hub/utils/_validators.py", line 88, in _inner_fn
    return fn(*args, **kwargs)
  File "/home/ubuntu/.local/lib/python3.10/site-packages/huggingface_hub/file_download.py", line 1587, in get_hf_file_metadata
    response = _httpx_follow_relative_redirects_with_backoff(
  File "/home/ubuntu/.local/lib/python3.10/site-packages/huggingface_hub/utils/_http.py", line 692, in _httpx_follow_relative_redirects_with_backoff
    hf_raise_for_status(response)
  File "/home/ubuntu/.local/lib/python3.10/site-packages/huggingface_hub/utils/_http.py", line 796, in hf_raise_for_status
    raise gated_err from e
huggingface_hub.errors.GatedRepoError: 401 Client Error. (Request ID: Root=1-69d722dc-16a2366b32b6f6a35654ab72;9ab593ba-eb88-42f4-b81e-a9e60eea8e3a)

Cannot access gated repo for url https://huggingface.co/google/gemma-3-27b-it/resolve/main/chat_template.jinja.
Access to model google/gemma-3-27b-it is restricted. You must have access to it and be authenticated to access it. Please log in.

The above exception was the direct cause of the following exception:

Traceback (most recent call last):
  File "/home/ubuntu/theorem_27b_it_only.py", line 188, in <module>
    main()
  File "/home/ubuntu/theorem_27b_it_only.py", line 136, in main
    processor = AutoProcessor.from_pretrained(model_name)
  File "/home/ubuntu/.local/lib/python3.10/site-packages/transformers/models/auto/processing_auto.py", line 328, in from_pretrained
    config_dict, _ = ProcessorMixin.get_processor_dict(pretrained_model_name_or_path, **kwargs)
  File "/home/ubuntu/.local/lib/python3.10/site-packages/transformers/processing_utils.py", line 1013, in get_processor_dict
    resolved_raw_chat_template_file = cached_file(
  File "/home/ubuntu/.local/lib/python3.10/site-packages/transformers/utils/hub.py", line 278, in cached_file
    file = cached_files(path_or_repo_id=path_or_repo_id, filenames=[filename], **kwargs)
  File "/home/ubuntu/.local/lib/python3.10/site-packages/transformers/utils/hub.py", line 488, in cached_files
    raise OSError(
OSError: You are trying to access a gated repo.
Make sure to have access to it at https://huggingface.co/google/gemma-3-27b-it.
401 Client Error. (Request ID: Root=1-69d722dc-16a2366b32b6f6a35654ab72;9ab593ba-eb88-42f4-b81e-a9e60eea8e3a)

Cannot access gated repo for url https://huggingface.co/google/gemma-3-27b-it/resolve/main/chat_template.jinja.
Access to model google/gemma-3-27b-it is restricted. You must have access to it and be authenticated to access it. Please log in.
